  CGunProjectile.cpp
  CLaserProjectile.cpp
  Game.cpp
Game.cpp(33): warning C4018: '<': signed/unsigned mismatch
Game.cpp(84): warning C4018: '<': signed/unsigned mismatch
Game.cpp(134): warning C4018: '<': signed/unsigned mismatch
Game.cpp(199): warning C4018: '<': signed/unsigned mismatch
Game.cpp(325): warning C4018: '<': signed/unsigned mismatch
Game.cpp(434): warning C4244: '=': conversion from 'irr::u32' to 'irr::f32', possible loss of data
Game.cpp(477): warning C4244: 'argument': conversion from 'time_t' to 'unsigned int', possible loss of data
Game.cpp(482): warning C4018: '<': signed/unsigned mismatch
Game.cpp(511): warning C4244: 'argument': conversion from 'int' to 'irr::f32', possible loss of data
  SkyBox.cpp
  Stage.cpp
Stage.cpp(22): warning C4244: 'argument': conversion from 'time_t' to 'unsigned int', possible loss of data
Stage.cpp(328): warning C4244: '=': conversion from 'irr::u32' to 'irr::f32', possible loss of data
Stage.cpp(397): warning C4244: '=': conversion from 'irr::u32' to 'irr::f32', possible loss of data
  Terrain.cpp
  main.cpp
  Generating code
  2 of 456 functions ( 0.4%) were compiled, the rest were copied from previous compilation.
    0 functions were new in current compilation
    8 functions had inline decision re-evaluated but remain unchanged
  Finished generating code
  FPS.vcxproj -> C:\Den\Programming\GitHub\FPS\Release\FPS.exe
  FPS.vcxproj -> C:\Den\Programming\GitHub\FPS\Release\FPS.pdb (Full PDB)
